<?xml version="1.0" encoding="UTF-8"?>
<testsuite name="com.fullcycle.admin.catalogo.application.UseCaseTest" tests="1" skipped="0" failures="0" errors="0" timestamp="2022-07-13T17:41:07" hostname="LAPTOP-DSEG40HG" time="0.03">
  <properties/>
  <testcase name="testCreateUseCase()" classname="com.fullcycle.admin.catalogo.application.UseCaseTest" time="0.03"/>
  <system-out><![CDATA[]]></system-out>
  <system-err><![CDATA[]]></system-err>
</testsuite>
