<?xml version="1.0" encoding="UTF-8"?>
<testsuite name="com.fullcycle.admin.catalogo.infrastructure.MainTest" tests="1" skipped="0" failures="0" errors="0" timestamp="2022-07-13T17:44:48" hostname="LAPTOP-DSEG40HG" time="1.317">
  <properties/>
  <testcase name="testMain()" classname="com.fullcycle.admin.catalogo.infrastructure.MainTest" time="1.317"/>
  <system-out><![CDATA[Hello world!
com.fullcycle.admin.catalogo.domain.Category@1e6a3214
]]></system-out>
  <system-err><![CDATA[]]></system-err>
</testsuite>
