<?xml version="1.0" encoding="UTF-8"?>
<testsuite name="com.fullcycle.admin.catalogo.domain.category.CategoryTest" tests="1" skipped="0" failures="0" errors="0" timestamp="2022-07-13T19:12:55" hostname="LAPTOP-DSEG40HG" time="0.022">
  <properties/>
  <testcase name="testNewCategory()" classname="com.fullcycle.admin.catalogo.domain.category.CategoryTest" time="0.022"/>
  <system-out><![CDATA[]]></system-out>
  <system-err><![CDATA[]]></system-err>
</testsuite>
