<?xml version="1.0" encoding="UTF-8"?>
<testsuite name="com.fullcycle.admin.catalogo.domain.category.CategoryTest" tests="1" skipped="0" failures="0" errors="0" timestamp="2022-07-14T15:23:51" hostname="LAPTOP-DSEG40HG" time="0.023">
  <properties/>
  <testcase name="updateProductSuccessfuly()" classname="com.fullcycle.admin.catalogo.domain.category.CategoryTest" time="0.023"/>
  <system-out><![CDATA[]]></system-out>
  <system-err><![CDATA[]]></system-err>
</testsuite>
